<?xml version="1.0" encoding="UTF-8"?>
<!-- Generated by org.testng.reporters.JUnitReportReporter -->
<testsuite skipped="0" hostname="DESKTOP-TA3D90D" name="com.w2a.APITestingFrameworkTestCases.CreateCustomerTest" tests="4" failures="0" timestamp="2020-10-11T20:20:56 EDT" time="2.621" errors="0">
  <testcase name="validateCreateCustomerAPIWithValidSecretKey" time="0.351" classname="com.w2a.APITestingFrameworkTestCases.CreateCustomerTest"/>
  <system-out/>
  <testcase name="validateCreateCustomerAPIWithValidSecretKey" time="0.353" classname="com.w2a.APITestingFrameworkTestCases.CreateCustomerTest"/>
  <system-out/>
  <testcase name="InvalidateCreateCustomerAPIWithValidSecretKey" time="1.544" classname="com.w2a.APITestingFrameworkTestCases.CreateCustomerTest"/>
  <system-out/>
  <testcase name="validateCreateCustomerAPIWithValidSecretKey" time="0.373" classname="com.w2a.APITestingFrameworkTestCases.CreateCustomerTest"/>
  <system-out/>
</testsuite> <!-- com.w2a.APITestingFrameworkTestCases.CreateCustomerTest -->
