<?xml version="1.0" encoding="UTF-8"?>
<!-- Generated by org.testng.reporters.JUnitReportReporter -->
<testsuite skipped="0" hostname="DESKTOP-TA3D90D" name="com.w2a.APITestingFrameworkTestCases.CreateCustomerTest" tests="4" failures="0" timestamp="2020-10-12T10:38:07 EDT" time="3.022" errors="0">
  <testcase name="InvalidateCreateCustomerAPIWithValidSecretKey" time="1.783" classname="com.w2a.APITestingFrameworkTestCases.CreateCustomerTest"/>
  <system-out/>
  <testcase name="validateCreateCustomerAPIWithValidSecretKey" time="0.622" classname="com.w2a.APITestingFrameworkTestCases.CreateCustomerTest"/>
  <system-out/>
  <testcase name="validateCreateCustomerAPIWithValidSecretKey" time="0.291" classname="com.w2a.APITestingFrameworkTestCases.CreateCustomerTest"/>
  <system-out/>
  <testcase name="validateCreateCustomerAPIWithValidSecretKey" time="0.326" classname="com.w2a.APITestingFrameworkTestCases.CreateCustomerTest"/>
  <system-out/>
</testsuite> <!-- com.w2a.APITestingFrameworkTestCases.CreateCustomerTest -->
