<?xml version="1.0" encoding="UTF-8"?>
<!-- Generated by org.testng.reporters.JUnitReportReporter -->
<testsuite skipped="0" hostname="DESKTOP-TA3D90D" name="com.w2a.APITestingFrameworkTestCases.DeleteCustomerTest" tests="28" failures="0" timestamp="2020-10-11T20:18:57 EDT" time="13.570" errors="0">
  <testcase name="deleteCustomer" time="0.426" classname="com.w2a.APITestingFrameworkTestCases.DeleteCustomerTest"/>
  <system-out/>
  <testcase name="deleteCustomer" time="0.394" classname="com.w2a.APITestingFrameworkTestCases.DeleteCustomerTest"/>
  <system-out/>
  <testcase name="deleteCustomer" time="0.482" classname="com.w2a.APITestingFrameworkTestCases.DeleteCustomerTest"/>
  <system-out/>
  <testcase name="deleteCustomer" time="0.427" classname="com.w2a.APITestingFrameworkTestCases.DeleteCustomerTest"/>
  <system-out/>
  <testcase name="deleteCustomer" time="0.418" classname="com.w2a.APITestingFrameworkTestCases.DeleteCustomerTest"/>
  <system-out/>
  <testcase name="deleteCustomer" time="0.384" classname="com.w2a.APITestingFrameworkTestCases.DeleteCustomerTest"/>
  <system-out/>
  <testcase name="deleteCustomer" time="0.435" classname="com.w2a.APITestingFrameworkTestCases.DeleteCustomerTest"/>
  <system-out/>
  <testcase name="deleteCustomer" time="1.895" classname="com.w2a.APITestingFrameworkTestCases.DeleteCustomerTest"/>
  <system-out/>
  <testcase name="deleteCustomer" time="0.507" classname="com.w2a.APITestingFrameworkTestCases.DeleteCustomerTest"/>
  <system-out/>
  <testcase name="deleteCustomer" time="0.398" classname="com.w2a.APITestingFrameworkTestCases.DeleteCustomerTest"/>
  <system-out/>
  <testcase name="deleteCustomer" time="0.448" classname="com.w2a.APITestingFrameworkTestCases.DeleteCustomerTest"/>
  <system-out/>
  <testcase name="deleteCustomer" time="0.421" classname="com.w2a.APITestingFrameworkTestCases.DeleteCustomerTest"/>
  <system-out/>
  <testcase name="deleteCustomer" time="0.418" classname="com.w2a.APITestingFrameworkTestCases.DeleteCustomerTest"/>
  <system-out/>
  <testcase name="deleteCustomer" time="0.413" classname="com.w2a.APITestingFrameworkTestCases.DeleteCustomerTest"/>
  <system-out/>
  <testcase name="deleteCustomer" time="0.421" classname="com.w2a.APITestingFrameworkTestCases.DeleteCustomerTest"/>
  <system-out/>
  <testcase name="deleteCustomer" time="0.474" classname="com.w2a.APITestingFrameworkTestCases.DeleteCustomerTest"/>
  <system-out/>
  <testcase name="deleteCustomer" time="0.436" classname="com.w2a.APITestingFrameworkTestCases.DeleteCustomerTest"/>
  <system-out/>
  <testcase name="deleteCustomer" time="0.412" classname="com.w2a.APITestingFrameworkTestCases.DeleteCustomerTest"/>
  <system-out/>
  <testcase name="deleteCustomer" time="0.463" classname="com.w2a.APITestingFrameworkTestCases.DeleteCustomerTest"/>
  <system-out/>
  <testcase name="deleteCustomer" time="0.407" classname="com.w2a.APITestingFrameworkTestCases.DeleteCustomerTest"/>
  <system-out/>
  <testcase name="deleteCustomer" time="0.442" classname="com.w2a.APITestingFrameworkTestCases.DeleteCustomerTest"/>
  <system-out/>
  <testcase name="deleteCustomer" time="0.455" classname="com.w2a.APITestingFrameworkTestCases.DeleteCustomerTest"/>
  <system-out/>
  <testcase name="deleteCustomer" time="0.415" classname="com.w2a.APITestingFrameworkTestCases.DeleteCustomerTest"/>
  <system-out/>
  <testcase name="deleteCustomer" time="0.396" classname="com.w2a.APITestingFrameworkTestCases.DeleteCustomerTest"/>
  <system-out/>
  <testcase name="deleteCustomer" time="0.439" classname="com.w2a.APITestingFrameworkTestCases.DeleteCustomerTest"/>
  <system-out/>
  <testcase name="deleteCustomer" time="0.446" classname="com.w2a.APITestingFrameworkTestCases.DeleteCustomerTest"/>
  <system-out/>
  <testcase name="deleteCustomer" time="0.423" classname="com.w2a.APITestingFrameworkTestCases.DeleteCustomerTest"/>
  <system-out/>
  <testcase name="deleteCustomer" time="0.475" classname="com.w2a.APITestingFrameworkTestCases.DeleteCustomerTest"/>
  <system-out/>
</testsuite> <!-- com.w2a.APITestingFrameworkTestCases.DeleteCustomerTest -->
