<?xml version="1.0" encoding="UTF-8"?>
<!-- Generated by org.testng.reporters.JUnitReportReporter -->
<testsuite skipped="0" hostname="DESKTOP-TA3D90D" name="com.w2a.APITestingFrameworkTestCases.DeleteCustomerTest" tests="6" failures="0" timestamp="2020-10-12T11:04:37 EDT" time="6.306" errors="0">
  <testcase name="deleteCustomer" time="3.049" classname="com.w2a.APITestingFrameworkTestCases.DeleteCustomerTest"/>
  <system-out/>
  <testcase name="deleteCustomer" time="0.577" classname="com.w2a.APITestingFrameworkTestCases.DeleteCustomerTest"/>
  <system-out/>
  <testcase name="deleteCustomer" time="0.657" classname="com.w2a.APITestingFrameworkTestCases.DeleteCustomerTest"/>
  <system-out/>
  <testcase name="deleteCustomer" time="0.541" classname="com.w2a.APITestingFrameworkTestCases.DeleteCustomerTest"/>
  <system-out/>
  <testcase name="deleteCustomer" time="0.833" classname="com.w2a.APITestingFrameworkTestCases.DeleteCustomerTest"/>
  <system-out/>
  <testcase name="deleteCustomer" time="0.649" classname="com.w2a.APITestingFrameworkTestCases.DeleteCustomerTest"/>
  <system-out/>
</testsuite> <!-- com.w2a.APITestingFrameworkTestCases.DeleteCustomerTest -->
